La génération a démarré 08/12/2011 18:08:31.
     1>Projet "C:\Users\Ludovic\Documents\Cours 3A\IHM Windows\Projet\Jeu-de-Dames\JeuDeDames\JeuDeDames.vcxproj" sur le nœud 2 (build cible(s)).
     1>InitializeBuildStatus:
         Création de "Debug\JeuDeDames.unsuccessfulbuild", car "AlwaysCreate" a été spécifié.
       ClCompile:
         Toutes les sorties sont à jour.
         Toutes les sorties sont à jour.
       ResourceCompile:
         Toutes les sorties sont à jour.
       ManifestResourceCompile:
         Toutes les sorties sont à jour.
       Link:
         Toutes les sorties sont à jour.
       Manifest:
         Toutes les sorties sont à jour.
         Toutes les sorties sont à jour.
       FinalizeBuildStatus:
         Suppression du fichier "Debug\JeuDeDames.unsuccessfulbuild".
         Mise à jour de l'horodatage "Debug\JeuDeDames.lastbuildstate".
     1>Génération du projet "C:\Users\Ludovic\Documents\Cours 3A\IHM Windows\Projet\Jeu-de-Dames\JeuDeDames\JeuDeDames.vcxproj" terminée (build cible(s)).

La génération a réussi.

Temps écoulé 00:00:00.06
